# Phase 3 View Errors Log
# Grants Training Suite V2 - Frontend Views Development

## Error Log Format
# Each error entry should follow this format:
# ================================================================================
# Timestamp: YYYY-MM-DD HH:MM:SS
# Phase: Phase 3 - Frontend Views
# Step: [Current Step - View Name]
# Error Type: [Error Category]
# Error Message: [Detailed error message]
# Context: [What was being done when error occurred]
# Root Cause: [Analysis of why error occurred]
# Solution: [How error was resolved]
# Status: [PENDING/INVESTIGATING/RESOLVED/ARCHIVED]
# Prevention: [How to prevent this error in future]
# ================================================================================

## Sample Error Entry (Template)
# ================================================================================
# Timestamp: 2025-01-15 14:20:15
# Phase: Phase 3 - Frontend Views
# Step: Creating intake_batch form view
# Error Type: View Error
# Error Message: XML syntax error in form view
# Context: Creating form view for gr.intake.batch
# Root Cause: Missing closing tag in XML
# Solution: Added missing closing tag
# Status: RESOLVED
# Prevention: Use XML validator before saving
# ================================================================================

## Error Categories for Phase 3
# - XML Syntax Errors
# - View Rendering Errors
# - Menu Configuration Errors
# - Action Definition Errors
# - Field Display Errors
# - Security View Errors
# - Performance View Errors

## Development Steps for Phase 3
# 1. View 1: Intake Batch Views (form, list, kanban)
# 2. View 2: Student Views (form, list, kanban)
# 3. View 3: Assignment Views (form, list, kanban)
# 4. View 4: Document Request Views (form, list, kanban)
# 5. View 5: Course Session Views (form, list, kanban)
# 6. View 6: Homework Attempt Views (form, list, kanban)
# 7. View 7: Certificate Views (form, list, kanban)

## Error Monitoring
# - Monitor Odoo logs: tail -f /home/sabry3/odoo-dev/logs/odoo.log
# - Check for XML errors
# - Verify view rendering
# - Test menu navigation
# - Check action execution

## Error Resolution Process
# 1. Document error immediately
# 2. Analyze root cause
# 3. Implement solution
# 4. Test fix
# 5. Update status
# 6. Continue development

---

# ACTUAL ERROR LOGS START HERE
# (This section will be populated as errors are encountered)

## No errors recorded yet
# Phase 3 development has not started
# Errors will be logged here as they occur
