# Phase 1 Installation Errors Log
# Grants Training Suite V2 - Module Development

## Error Log Format
# Each error entry should follow this format:
# ================================================================================
# Timestamp: YYYY-MM-DD HH:MM:SS
# Phase: Phase 1 - Installation
# Step: [Current Step]
# Error Type: [Error Category]
# Error Message: [Detailed error message]
# Context: [What was being done when error occurred]
# Root Cause: [Analysis of why error occurred]
# Solution: [How error was resolved]
# Status: [PENDING/INVESTIGATING/RESOLVED/ARCHIVED]
# Prevention: [How to prevent this error in future]
# ================================================================================

## Sample Error Entry (Template)
# ================================================================================
# Timestamp: 2025-01-15 10:30:45
# Phase: Phase 1 - Installation
# Step: Creating manifest file
# Error Type: Installation Error
# Error Message: Missing dependency 'base' in manifest
# Context: Creating __manifest__.py file
# Root Cause: Forgot to include 'base' in dependencies list
# Solution: Added 'base' to dependencies list
# Status: RESOLVED
# Prevention: Always include 'base' in dependencies
# ================================================================================

## Error Categories for Phase 1
# - Module Structure Errors
# - Manifest Errors
# - Dependency Errors
# - Import Errors
# - Installation Errors
# - Configuration Errors

## Development Steps for Phase 1
# 1. Create Module Structure
# 2. Create Manifest File
# 3. Create Init File
# 4. Test Module Installation
# 5. Verify Dependencies
# 6. Check for Errors

## Error Monitoring
# - Monitor Odoo logs: tail -f /home/sabry3/odoo-dev/logs/odoo.log
# - Check for Python errors
# - Verify module installation
# - Test basic functionality

## Error Resolution Process
# 1. Document error immediately
# 2. Analyze root cause
# 3. Implement solution
# 4. Test fix
# 5. Update status
# 6. Continue development

---

# ACTUAL ERROR LOGS START HERE
# (This section will be populated as errors are encountered)

## No errors recorded yet
# Phase 1 development has not started
# Errors will be logged here as they occur

================================================================================
Timestamp: 2025-01-15 07:45:00
Phase: Phase 1 - Installation
Step: Testing module installation
Error Type: Installation Error
Error Message: Module "crm_iap_lead_enrich" is not available in the system
Context: Trying to install grants_training_suite_v2 module
Root Cause: Added unavailable dependencies in manifest file
Solution: Removed unavailable dependencies (crm_iap_lead_enrich, website_certification, website_crm)
Status: RESOLVED
Prevention: Only include dependencies that are confirmed to be available in the system
================================================================================

================================================================================
Timestamp: 2025-01-15 07:50:00
Phase: Phase 1 - Installation
Step: Testing module installation (second attempt)
Error Type: Installation Error
Error Message: Module "document" is not available in the system
Context: Trying to install grants_training_suite_v2 module after fixing first dependency issue
Root Cause: Used incorrect module name "document" instead of "documents"
Solution: Corrected module name from "document" to "documents"
Status: RESOLVED
Prevention: Always verify correct module names before adding dependencies
================================================================================

================================================================================
Timestamp: 2025-01-15 08:00:00
Phase: Phase 1 - Installation
Step: Testing module installation (third attempt)
Error Type: Installation Error
Error Message: Still getting "document" error despite correcting to "documents"
Context: Odoo server may not have reloaded the updated manifest file
Root Cause: Possible caching issue or server not reloading manifest
Solution: Simplified dependencies to only 'base' and 'mail' to test basic installation
Status: RESOLVED
Prevention: Start with minimal dependencies and add more gradually after confirming installation
================================================================================

================================================================================
Timestamp: 2025-01-15 08:05:00
Phase: Phase 1 - Installation
Step: Testing module installation (fourth attempt)
Error Type: Installation Error
Error Message: Still getting "document" error despite manifest showing only "base" and "mail"
Context: Odoo server appears to be caching old manifest file
Root Cause: Odoo server cache not clearing updated manifest file
Solution: Recreated manifest file with only 'base' dependency to force cache refresh
Status: RESOLVED
Prevention: Recreate manifest file when Odoo cache issues occur
================================================================================

================================================================================
Timestamp: 2025-01-15 08:10:00
Phase: Phase 1 - Installation
Step: Testing module installation (fifth attempt)
Error Type: Installation Success
Error Message: Module installed successfully with only 'base' dependency
Context: Testing minimal dependency installation
Root Cause: N/A - Success case
Solution: N/A - Success case
Status: RESOLVED
Prevention: Start with minimal dependencies and add more gradually
================================================================================

================================================================================
Timestamp: 2025-01-15 08:12:00
Phase: Phase 1 - Installation
Step: Adding more dependencies
Error Type: Dependency Addition
Error Message: Adding core Odoo modules to dependencies
Context: Building up dependencies after successful minimal installation
Root Cause: N/A - Planned addition
Solution: Added mail, portal, contacts, sale, crm, website, survey, website_slides
Status: PENDING
Prevention: Test installation after each dependency addition
================================================================================

================================================================================
Timestamp: 2025-01-15 08:15:00
Phase: Phase 1 - Installation
Step: Adding remaining dependencies with correct names
Error Type: Dependency Addition
Error Message: Adding document management and website modules
Context: Adding back the modules we removed earlier with correct names
Root Cause: N/A - Planned addition
Solution: Added documents, website_certification, website_crm with correct names
Status: PENDING
Prevention: Use correct module names from the start
================================================================================

================================================================================
Timestamp: 2025-01-15 08:20:00
Phase: Phase 1 - Installation
Step: Verifying available modules in system
Error Type: Module Availability Check
Error Message: Some dependencies like website_certification and website_crm don't exist
Context: Checking which modules are actually available in the Odoo installation
Root Cause: Added dependencies that don't exist in the system
Solution: Removed unavailable modules (website_certification, website_crm) and added available ones (certificate)
Status: RESOLVED
Prevention: Always verify module availability before adding to dependencies
================================================================================

================================================================================
Timestamp: 2025-01-15 08:25:00
Phase: Phase 1 - Installation
Step: Verifying module installation status
Error Type: Module Status Check
Error Message: Checking which modules are actually installed in Odoo
Context: Reviewing Odoo dashboard to see installed modules
Root Cause: N/A - Status check
Solution: Confirmed most modules are installed and visible in dashboard
Status: RESOLVED
Prevention: Check Odoo dashboard to verify module installation status
================================================================================
